<?xml version="1.0" encoding="UTF-8"?>
<testng-results ignored="0" total="1" passed="1" failed="0" skipped="0">
  <reporter-output>
  </reporter-output>
  <suite started-at="2023-06-22T16:11:03 EDT" name="Default suite" finished-at="2023-06-22T16:11:15 EDT" duration-ms="11935">
    <groups>
    </groups>
    <test started-at="2023-06-22T16:11:03 EDT" name="Default test" finished-at="2023-06-22T16:11:15 EDT" duration-ms="11935">
      <class name="auto.AutoTest">
        <test-method is-config="true" signature="beforEachTest()[pri:0, instance:auto.AutoTest@783a467b]" started-at="2023-06-22T16:11:04 EDT" name="beforEachTest" finished-at="2023-06-22T16:11:15 EDT" duration-ms="11008" status="PASS">
          <reporter-output>
          </reporter-output>
        </test-method> <!-- beforEachTest -->
        <test-method signature="getA_Quote()[pri:0, instance:auto.AutoTest@783a467b]" started-at="2023-06-22T16:11:15 EDT" name="getA_Quote" finished-at="2023-06-22T16:11:15 EDT" duration-ms="385" status="PASS">
          <reporter-output>
          </reporter-output>
        </test-method> <!-- getA_Quote -->
        <test-method is-config="true" signature="closeBrowser()[pri:0, instance:auto.AutoTest@783a467b]" started-at="2023-06-22T16:11:15 EDT" name="closeBrowser" finished-at="2023-06-22T16:11:15 EDT" duration-ms="434" status="PASS">
          <reporter-output>
          </reporter-output>
        </test-method> <!-- closeBrowser -->
      </class> <!-- auto.AutoTest -->
    </test> <!-- Default test -->
  </suite> <!-- Default suite -->
</testng-results>
